2026-06-24 10:52:11,270	[INFO]	(client.py:162)_bot_login	[botpy] 登录机器人账号中...
2026-06-24 10:52:11,598	[ERROR]	(robot.py:63)update_access_token	[botpy] 获取token失败，请检查appid和secret填写是否正确！
2026-06-24 10:54:25,130	[INFO]	(client.py:162)_bot_login	[botpy] 登录机器人账号中...
2026-06-24 10:54:25,436	[INFO]	(robot.py:65)update_access_token	[botpy] access_token expires_in 5839
2026-06-24 10:54:26,466	[INFO]	(client.py:181)_bot_init	[botpy] 程序启动...
2026-06-24 10:54:26,467	[INFO]	(connection.py:60)multi_run	[botpy] 最大并发连接数: 1, 启动会话数: 1
2026-06-24 10:54:26,467	[INFO]	(client.py:242)bot_connect	[botpy] 会话启动中...
2026-06-24 10:54:26,468	[INFO]	(gateway.py:115)ws_connect	[botpy] 启动中...
2026-06-24 10:54:26,619	[INFO]	(gateway.py:142)ws_identify	[botpy] 鉴权中...
2026-06-24 10:54:26,745	[INFO]	(gateway.py:85)on_message	[botpy] 机器人「AI OS 贾维斯」启动成功！
2026-06-24 10:54:26,746	[INFO]	(gateway.py:223)_send_heart	[botpy] 心跳维持启动...
2026-06-24 11:12:10,138	[INFO]	(client.py:162)_bot_login	[botpy] 登录机器人账号中...
2026-06-24 11:12:26,753	[INFO]	(client.py:162)_bot_login	[botpy] 登录机器人账号中...
2026-06-24 11:12:26,992	[INFO]	(robot.py:65)update_access_token	[botpy] access_token expires_in 4757
2026-06-24 11:12:28,061	[INFO]	(client.py:181)_bot_init	[botpy] 程序启动...
2026-06-24 11:12:28,061	[INFO]	(connection.py:60)multi_run	[botpy] 最大并发连接数: 1, 启动会话数: 1
2026-06-24 11:12:28,062	[INFO]	(client.py:242)bot_connect	[botpy] 会话启动中...
2026-06-24 11:12:28,062	[INFO]	(gateway.py:115)ws_connect	[botpy] 启动中...
2026-06-24 11:12:28,230	[INFO]	(gateway.py:142)ws_identify	[botpy] 鉴权中...
2026-06-24 11:12:28,394	[INFO]	(gateway.py:85)on_message	[botpy] 机器人「AI OS 贾维斯」启动成功！
2026-06-24 11:12:28,394	[INFO]	(gateway.py:223)_send_heart	[botpy] 心跳维持启动...
2026-06-24 11:12:51,269	[INFO]	(client.py:162)_bot_login	[botpy] 登录机器人账号中...
2026-06-24 11:12:51,482	[INFO]	(robot.py:65)update_access_token	[botpy] access_token expires_in 4733
2026-06-24 11:12:52,394	[INFO]	(client.py:181)_bot_init	[botpy] 程序启动...
2026-06-24 11:12:52,394	[INFO]	(connection.py:60)multi_run	[botpy] 最大并发连接数: 1, 启动会话数: 1
2026-06-24 11:12:52,394	[INFO]	(client.py:242)bot_connect	[botpy] 会话启动中...
2026-06-24 11:12:52,395	[INFO]	(gateway.py:115)ws_connect	[botpy] 启动中...
2026-06-24 11:12:52,608	[INFO]	(gateway.py:142)ws_identify	[botpy] 鉴权中...
2026-06-24 11:12:52,740	[INFO]	(gateway.py:85)on_message	[botpy] 机器人「AI OS 贾维斯」启动成功！
2026-06-24 11:12:52,740	[INFO]	(gateway.py:223)_send_heart	[botpy] 心跳维持启动...
2026-06-24 11:14:05,459	[INFO]	(client.py:162)_bot_login	[botpy] 登录机器人账号中...
2026-06-24 11:14:05,758	[INFO]	(robot.py:65)update_access_token	[botpy] access_token expires_in 4658
2026-06-24 11:14:06,674	[INFO]	(client.py:181)_bot_init	[botpy] 程序启动...
2026-06-24 11:14:06,675	[INFO]	(connection.py:60)multi_run	[botpy] 最大并发连接数: 1, 启动会话数: 1
2026-06-24 11:14:06,675	[INFO]	(client.py:242)bot_connect	[botpy] 会话启动中...
2026-06-24 11:14:06,675	[INFO]	(gateway.py:115)ws_connect	[botpy] 启动中...
2026-06-24 11:14:06,815	[INFO]	(gateway.py:142)ws_identify	[botpy] 鉴权中...
2026-06-24 11:14:06,975	[INFO]	(gateway.py:85)on_message	[botpy] 机器人「AI OS 贾维斯」启动成功！
2026-06-24 11:14:06,976	[INFO]	(gateway.py:223)_send_heart	[botpy] 心跳维持启动...
2026-06-24 11:14:23,693	[INFO]	(client.py:162)_bot_login	[botpy] 登录机器人账号中...
2026-06-24 11:14:40,207	[INFO]	(client.py:162)_bot_login	[botpy] 登录机器人账号中...
2026-06-24 11:14:56,526	[INFO]	(client.py:162)_bot_login	[botpy] 登录机器人账号中...
2026-06-24 11:15:15,223	[INFO]	(client.py:162)_bot_login	[botpy] 登录机器人账号中...
2026-06-24 11:15:33,662	[INFO]	(client.py:162)_bot_login	[botpy] 登录机器人账号中...
2026-06-24 11:15:33,877	[INFO]	(robot.py:65)update_access_token	[botpy] access_token expires_in 4570
2026-06-24 11:15:34,738	[INFO]	(client.py:181)_bot_init	[botpy] 程序启动...
2026-06-24 11:15:34,738	[INFO]	(connection.py:60)multi_run	[botpy] 最大并发连接数: 1, 启动会话数: 1
2026-06-24 11:15:34,738	[INFO]	(client.py:242)bot_connect	[botpy] 会话启动中...
2026-06-24 11:15:34,738	[INFO]	(gateway.py:115)ws_connect	[botpy] 启动中...
2026-06-24 11:15:34,913	[INFO]	(gateway.py:142)ws_identify	[botpy] 鉴权中...
2026-06-24 11:15:35,248	[INFO]	(gateway.py:85)on_message	[botpy] 机器人「AI OS 贾维斯」启动成功！
2026-06-24 11:15:35,248	[INFO]	(gateway.py:223)_send_heart	[botpy] 心跳维持启动...
2026-06-24 11:17:33,430	[INFO]	(client.py:162)_bot_login	[botpy] 登录机器人账号中...
2026-06-24 11:17:33,662	[INFO]	(robot.py:65)update_access_token	[botpy] access_token expires_in 4451
2026-06-24 11:17:34,649	[INFO]	(client.py:181)_bot_init	[botpy] 程序启动...
2026-06-24 11:17:34,650	[INFO]	(connection.py:60)multi_run	[botpy] 最大并发连接数: 1, 启动会话数: 1
2026-06-24 11:17:34,651	[INFO]	(client.py:242)bot_connect	[botpy] 会话启动中...
2026-06-24 11:17:34,651	[INFO]	(gateway.py:115)ws_connect	[botpy] 启动中...
2026-06-24 11:17:34,804	[INFO]	(gateway.py:142)ws_identify	[botpy] 鉴权中...
2026-06-24 11:17:34,937	[INFO]	(gateway.py:85)on_message	[botpy] 机器人「AI OS 贾维斯」启动成功！
2026-06-24 11:17:34,938	[INFO]	(gateway.py:223)_send_heart	[botpy] 心跳维持启动...
2026-06-24 11:25:09,866	[INFO]	(client.py:162)_bot_login	[botpy] 登录机器人账号中...
2026-06-24 11:25:10,103	[INFO]	(robot.py:65)update_access_token	[botpy] access_token expires_in 3994
2026-06-24 11:25:11,106	[INFO]	(client.py:181)_bot_init	[botpy] 程序启动...
2026-06-24 11:25:11,106	[INFO]	(connection.py:60)multi_run	[botpy] 最大并发连接数: 1, 启动会话数: 1
2026-06-24 11:25:11,108	[INFO]	(client.py:242)bot_connect	[botpy] 会话启动中...
2026-06-24 11:25:11,108	[INFO]	(gateway.py:115)ws_connect	[botpy] 启动中...
2026-06-24 11:25:11,351	[INFO]	(gateway.py:142)ws_identify	[botpy] 鉴权中...
2026-06-24 11:25:11,472	[INFO]	(gateway.py:85)on_message	[botpy] 机器人「AI OS 贾维斯」启动成功！
2026-06-24 11:25:11,473	[INFO]	(gateway.py:223)_send_heart	[botpy] 心跳维持启动...
2026-06-24 11:26:12,528	[INFO]	(client.py:162)_bot_login	[botpy] 登录机器人账号中...
2026-06-24 11:26:12,948	[INFO]	(robot.py:65)update_access_token	[botpy] access_token expires_in 3931
2026-06-24 11:26:13,911	[INFO]	(client.py:181)_bot_init	[botpy] 程序启动...
2026-06-24 11:26:13,911	[INFO]	(connection.py:60)multi_run	[botpy] 最大并发连接数: 1, 启动会话数: 1
2026-06-24 11:26:13,912	[INFO]	(client.py:242)bot_connect	[botpy] 会话启动中...
2026-06-24 11:26:13,912	[INFO]	(gateway.py:115)ws_connect	[botpy] 启动中...
2026-06-24 11:26:14,062	[INFO]	(gateway.py:142)ws_identify	[botpy] 鉴权中...
2026-06-24 11:26:14,238	[INFO]	(gateway.py:85)on_message	[botpy] 机器人「AI OS 贾维斯」启动成功！
2026-06-24 11:26:14,239	[INFO]	(gateway.py:223)_send_heart	[botpy] 心跳维持启动...
2026-06-24 11:26:56,771	[INFO]	(client.py:162)_bot_login	[botpy] 登录机器人账号中...
2026-06-24 11:26:56,998	[INFO]	(robot.py:65)update_access_token	[botpy] access_token expires_in 3887
2026-06-24 11:26:57,940	[INFO]	(client.py:181)_bot_init	[botpy] 程序启动...
2026-06-24 11:26:57,940	[INFO]	(connection.py:60)multi_run	[botpy] 最大并发连接数: 1, 启动会话数: 1
2026-06-24 11:26:57,941	[INFO]	(client.py:242)bot_connect	[botpy] 会话启动中...
2026-06-24 11:26:57,941	[INFO]	(gateway.py:115)ws_connect	[botpy] 启动中...
2026-06-24 11:26:58,087	[INFO]	(gateway.py:142)ws_identify	[botpy] 鉴权中...
2026-06-24 11:26:58,221	[INFO]	(gateway.py:85)on_message	[botpy] 机器人「AI OS 贾维斯」启动成功！
2026-06-24 11:26:58,222	[INFO]	(gateway.py:223)_send_heart	[botpy] 心跳维持启动...
2026-06-24 11:53:41,727	[INFO]	(client.py:162)_bot_login	[botpy] 登录机器人账号中...
2026-06-24 11:53:57,859	[INFO]	(client.py:162)_bot_login	[botpy] 登录机器人账号中...
2026-06-24 11:53:58,107	[INFO]	(robot.py:65)update_access_token	[botpy] access_token expires_in 2266
2026-06-24 11:53:59,051	[INFO]	(client.py:181)_bot_init	[botpy] 程序启动...
2026-06-24 11:53:59,051	[INFO]	(connection.py:60)multi_run	[botpy] 最大并发连接数: 1, 启动会话数: 1
2026-06-24 11:53:59,051	[INFO]	(client.py:242)bot_connect	[botpy] 会话启动中...
2026-06-24 11:53:59,051	[INFO]	(gateway.py:115)ws_connect	[botpy] 启动中...
2026-06-24 11:53:59,184	[INFO]	(gateway.py:142)ws_identify	[botpy] 鉴权中...
2026-06-24 11:53:59,342	[INFO]	(gateway.py:85)on_message	[botpy] 机器人「AI OS 贾维斯」启动成功！
2026-06-24 11:53:59,343	[INFO]	(gateway.py:223)_send_heart	[botpy] 心跳维持启动...
2026-06-24 12:01:23,770	[INFO]	(client.py:162)_bot_login	[botpy] 登录机器人账号中...
2026-06-24 12:01:41,042	[INFO]	(client.py:162)_bot_login	[botpy] 登录机器人账号中...
2026-06-24 12:01:41,247	[INFO]	(robot.py:65)update_access_token	[botpy] access_token expires_in 1803
2026-06-24 12:01:42,198	[INFO]	(client.py:181)_bot_init	[botpy] 程序启动...
2026-06-24 12:01:42,199	[INFO]	(connection.py:60)multi_run	[botpy] 最大并发连接数: 1, 启动会话数: 1
2026-06-24 12:01:42,199	[INFO]	(client.py:242)bot_connect	[botpy] 会话启动中...
2026-06-24 12:01:42,199	[INFO]	(gateway.py:115)ws_connect	[botpy] 启动中...
2026-06-24 12:01:42,350	[INFO]	(gateway.py:142)ws_identify	[botpy] 鉴权中...
2026-06-24 12:01:42,479	[INFO]	(gateway.py:85)on_message	[botpy] 机器人「AI OS 贾维斯」启动成功！
2026-06-24 12:01:42,479	[INFO]	(gateway.py:223)_send_heart	[botpy] 心跳维持启动...
2026-06-24 12:02:15,473	[INFO]	(client.py:162)_bot_login	[botpy] 登录机器人账号中...
2026-06-24 12:02:34,133	[INFO]	(client.py:162)_bot_login	[botpy] 登录机器人账号中...
2026-06-24 12:02:34,443	[INFO]	(robot.py:65)update_access_token	[botpy] access_token expires_in 1750
2026-06-24 12:02:35,427	[INFO]	(client.py:181)_bot_init	[botpy] 程序启动...
2026-06-24 12:02:35,427	[INFO]	(connection.py:60)multi_run	[botpy] 最大并发连接数: 1, 启动会话数: 1
2026-06-24 12:02:35,427	[INFO]	(client.py:242)bot_connect	[botpy] 会话启动中...
2026-06-24 12:02:35,428	[INFO]	(gateway.py:115)ws_connect	[botpy] 启动中...
2026-06-24 12:02:35,573	[INFO]	(gateway.py:142)ws_identify	[botpy] 鉴权中...
2026-06-24 12:02:35,719	[INFO]	(gateway.py:85)on_message	[botpy] 机器人「AI OS 贾维斯」启动成功！
2026-06-24 12:02:35,719	[INFO]	(gateway.py:223)_send_heart	[botpy] 心跳维持启动...
2026-06-24 12:03:20,868	[INFO]	(client.py:162)_bot_login	[botpy] 登录机器人账号中...
2026-06-24 12:03:21,112	[INFO]	(robot.py:65)update_access_token	[botpy] access_token expires_in 1703
2026-06-24 12:03:22,030	[INFO]	(client.py:181)_bot_init	[botpy] 程序启动...
2026-06-24 12:03:22,031	[INFO]	(connection.py:60)multi_run	[botpy] 最大并发连接数: 1, 启动会话数: 1
2026-06-24 12:03:22,036	[INFO]	(client.py:242)bot_connect	[botpy] 会话启动中...
2026-06-24 12:03:22,040	[INFO]	(gateway.py:115)ws_connect	[botpy] 启动中...
2026-06-24 12:03:22,280	[INFO]	(gateway.py:142)ws_identify	[botpy] 鉴权中...
2026-06-24 12:03:22,432	[INFO]	(gateway.py:85)on_message	[botpy] 机器人「AI OS 贾维斯」启动成功！
2026-06-24 12:03:22,432	[INFO]	(gateway.py:223)_send_heart	[botpy] 心跳维持启动...
2026-06-24 12:03:42,849	[INFO]	(client.py:162)_bot_login	[botpy] 登录机器人账号中...
2026-06-24 12:03:43,085	[INFO]	(robot.py:65)update_access_token	[botpy] access_token expires_in 1681
2026-06-24 12:03:44,013	[INFO]	(client.py:181)_bot_init	[botpy] 程序启动...
2026-06-24 12:03:44,014	[INFO]	(connection.py:60)multi_run	[botpy] 最大并发连接数: 1, 启动会话数: 1
2026-06-24 12:03:44,014	[INFO]	(client.py:242)bot_connect	[botpy] 会话启动中...
2026-06-24 12:03:44,014	[INFO]	(gateway.py:115)ws_connect	[botpy] 启动中...
2026-06-24 12:03:44,171	[INFO]	(gateway.py:142)ws_identify	[botpy] 鉴权中...
2026-06-24 12:03:44,297	[INFO]	(gateway.py:85)on_message	[botpy] 机器人「AI OS 贾维斯」启动成功！
2026-06-24 12:03:44,297	[INFO]	(gateway.py:223)_send_heart	[botpy] 心跳维持启动...
2026-06-24 12:04:32,460	[INFO]	(client.py:162)_bot_login	[botpy] 登录机器人账号中...
2026-06-24 12:04:32,754	[INFO]	(robot.py:65)update_access_token	[botpy] access_token expires_in 1631
2026-06-24 12:04:33,657	[INFO]	(client.py:181)_bot_init	[botpy] 程序启动...
2026-06-24 12:04:33,658	[INFO]	(connection.py:60)multi_run	[botpy] 最大并发连接数: 1, 启动会话数: 1
2026-06-24 12:04:33,658	[INFO]	(client.py:242)bot_connect	[botpy] 会话启动中...
2026-06-24 12:04:33,658	[INFO]	(gateway.py:115)ws_connect	[botpy] 启动中...
2026-06-24 12:04:33,816	[INFO]	(gateway.py:142)ws_identify	[botpy] 鉴权中...
2026-06-24 12:04:34,003	[INFO]	(gateway.py:85)on_message	[botpy] 机器人「AI OS 贾维斯」启动成功！
2026-06-24 12:04:34,004	[INFO]	(gateway.py:223)_send_heart	[botpy] 心跳维持启动...
2026-06-24 12:05:00,523	[INFO]	(client.py:162)_bot_login	[botpy] 登录机器人账号中...
2026-06-24 12:05:17,102	[INFO]	(client.py:162)_bot_login	[botpy] 登录机器人账号中...
2026-06-24 12:05:17,442	[INFO]	(robot.py:65)update_access_token	[botpy] access_token expires_in 1587
2026-06-24 12:05:18,286	[INFO]	(client.py:181)_bot_init	[botpy] 程序启动...
2026-06-24 12:05:18,286	[INFO]	(connection.py:60)multi_run	[botpy] 最大并发连接数: 1, 启动会话数: 1
2026-06-24 12:05:18,287	[INFO]	(client.py:242)bot_connect	[botpy] 会话启动中...
2026-06-24 12:05:18,287	[INFO]	(gateway.py:115)ws_connect	[botpy] 启动中...
2026-06-24 12:05:18,426	[INFO]	(gateway.py:142)ws_identify	[botpy] 鉴权中...
2026-06-24 12:05:18,519	[INFO]	(gateway.py:85)on_message	[botpy] 机器人「AI OS 贾维斯」启动成功！
2026-06-24 12:05:18,519	[INFO]	(gateway.py:223)_send_heart	[botpy] 心跳维持启动...
2026-06-24 12:06:43,709	[INFO]	(client.py:162)_bot_login	[botpy] 登录机器人账号中...
2026-06-24 12:06:44,036	[INFO]	(robot.py:65)update_access_token	[botpy] access_token expires_in 1500
2026-06-24 12:06:44,973	[INFO]	(client.py:181)_bot_init	[botpy] 程序启动...
2026-06-24 12:06:44,973	[INFO]	(connection.py:60)multi_run	[botpy] 最大并发连接数: 1, 启动会话数: 1
2026-06-24 12:06:44,973	[INFO]	(client.py:242)bot_connect	[botpy] 会话启动中...
2026-06-24 12:06:44,974	[INFO]	(gateway.py:115)ws_connect	[botpy] 启动中...
2026-06-24 12:06:45,144	[INFO]	(gateway.py:142)ws_identify	[botpy] 鉴权中...
2026-06-24 12:06:45,270	[INFO]	(gateway.py:85)on_message	[botpy] 机器人「AI OS 贾维斯」启动成功！
2026-06-24 12:06:45,271	[INFO]	(gateway.py:223)_send_heart	[botpy] 心跳维持启动...
2026-06-24 12:07:08,292	[INFO]	(client.py:162)_bot_login	[botpy] 登录机器人账号中...
2026-06-24 12:07:08,556	[INFO]	(robot.py:65)update_access_token	[botpy] access_token expires_in 1476
2026-06-24 12:07:09,460	[INFO]	(client.py:181)_bot_init	[botpy] 程序启动...
2026-06-24 12:07:09,461	[INFO]	(connection.py:60)multi_run	[botpy] 最大并发连接数: 1, 启动会话数: 1
2026-06-24 12:07:09,463	[INFO]	(client.py:242)bot_connect	[botpy] 会话启动中...
2026-06-24 12:07:09,464	[INFO]	(gateway.py:115)ws_connect	[botpy] 启动中...
2026-06-24 12:07:09,619	[INFO]	(gateway.py:142)ws_identify	[botpy] 鉴权中...
2026-06-24 12:07:09,747	[INFO]	(gateway.py:85)on_message	[botpy] 机器人「AI OS 贾维斯」启动成功！
2026-06-24 12:07:09,747	[INFO]	(gateway.py:223)_send_heart	[botpy] 心跳维持启动...
2026-06-24 12:09:29,911	[INFO]	(client.py:162)_bot_login	[botpy] 登录机器人账号中...
2026-06-24 12:09:30,381	[INFO]	(robot.py:65)update_access_token	[botpy] access_token expires_in 1334
2026-06-24 12:09:31,264	[INFO]	(client.py:181)_bot_init	[botpy] 程序启动...
2026-06-24 12:09:31,264	[INFO]	(connection.py:60)multi_run	[botpy] 最大并发连接数: 1, 启动会话数: 1
2026-06-24 12:09:31,264	[INFO]	(client.py:242)bot_connect	[botpy] 会话启动中...
2026-06-24 12:09:31,264	[INFO]	(gateway.py:115)ws_connect	[botpy] 启动中...
2026-06-24 12:09:31,439	[INFO]	(gateway.py:142)ws_identify	[botpy] 鉴权中...
2026-06-24 12:09:31,562	[INFO]	(gateway.py:85)on_message	[botpy] 机器人「AI OS 贾维斯」启动成功！
2026-06-24 12:09:31,562	[INFO]	(gateway.py:223)_send_heart	[botpy] 心跳维持启动...
2026-06-24 12:39:31,399	[INFO]	(gateway.py:56)on_closed	[botpy] 关闭, 返回码: 4009, 返回信息: Session timed out
2026-06-24 12:39:31,399	[INFO]	(gateway.py:134)ws_connect	[botpy] ws关闭, 停止接收消息!
2026-06-24 12:39:36,422	[INFO]	(connection.py:60)multi_run	[botpy] 最大并发连接数: 1, 启动会话数: 1
2026-06-24 12:39:36,422	[INFO]	(client.py:242)bot_connect	[botpy] 会话启动中...
2026-06-24 12:39:36,423	[INFO]	(gateway.py:115)ws_connect	[botpy] 启动中...
2026-06-24 12:39:36,591	[INFO]	(gateway.py:175)ws_resume	[botpy] 重连启动...
2026-06-24 12:39:36,811	[INFO]	(robot.py:65)update_access_token	[botpy] access_token expires_in 6728
2026-06-24 12:39:36,906	[INFO]	(gateway.py:90)on_message	[botpy] 机器人重连成功! 
2026-06-24 12:39:36,907	[INFO]	(gateway.py:223)_send_heart	[botpy] 心跳维持启动...
2026-06-24 13:09:36,576	[INFO]	(gateway.py:56)on_closed	[botpy] 关闭, 返回码: 4009, 返回信息: Session timed out
2026-06-24 13:09:36,576	[INFO]	(gateway.py:134)ws_connect	[botpy] ws关闭, 停止接收消息!
2026-06-24 13:09:41,581	[INFO]	(connection.py:60)multi_run	[botpy] 最大并发连接数: 1, 启动会话数: 1
2026-06-24 13:09:41,581	[INFO]	(client.py:242)bot_connect	[botpy] 会话启动中...
2026-06-24 13:09:41,581	[INFO]	(gateway.py:115)ws_connect	[botpy] 启动中...
2026-06-24 13:09:41,790	[INFO]	(gateway.py:175)ws_resume	[botpy] 重连启动...
2026-06-24 13:09:41,905	[INFO]	(gateway.py:90)on_message	[botpy] 机器人重连成功! 
2026-06-24 13:09:41,905	[INFO]	(gateway.py:223)_send_heart	[botpy] 心跳维持启动...
2026-06-24 13:39:41,775	[INFO]	(gateway.py:56)on_closed	[botpy] 关闭, 返回码: 4009, 返回信息: Session timed out
2026-06-24 13:39:41,776	[INFO]	(gateway.py:134)ws_connect	[botpy] ws关闭, 停止接收消息!
2026-06-24 13:39:46,791	[INFO]	(connection.py:60)multi_run	[botpy] 最大并发连接数: 1, 启动会话数: 1
2026-06-24 13:39:46,791	[INFO]	(client.py:242)bot_connect	[botpy] 会话启动中...
2026-06-24 13:39:46,791	[INFO]	(gateway.py:115)ws_connect	[botpy] 启动中...
2026-06-24 13:39:46,935	[INFO]	(gateway.py:175)ws_resume	[botpy] 重连启动...
2026-06-24 13:39:47,043	[INFO]	(gateway.py:90)on_message	[botpy] 机器人重连成功! 
2026-06-24 13:39:47,044	[INFO]	(gateway.py:223)_send_heart	[botpy] 心跳维持启动...
2026-06-24 13:48:32,411	[INFO]	(client.py:162)_bot_login	[botpy] 登录机器人账号中...
2026-06-24 13:48:32,743	[INFO]	(robot.py:65)update_access_token	[botpy] access_token expires_in 2592
2026-06-24 13:48:33,780	[INFO]	(client.py:181)_bot_init	[botpy] 程序启动...
2026-06-24 13:48:33,780	[INFO]	(connection.py:60)multi_run	[botpy] 最大并发连接数: 1, 启动会话数: 1
2026-06-24 13:48:33,781	[INFO]	(client.py:242)bot_connect	[botpy] 会话启动中...
2026-06-24 13:48:33,782	[INFO]	(gateway.py:115)ws_connect	[botpy] 启动中...
2026-06-24 13:48:33,938	[INFO]	(gateway.py:142)ws_identify	[botpy] 鉴权中...
2026-06-24 13:48:34,076	[INFO]	(gateway.py:85)on_message	[botpy] 机器人「AI OS 贾维斯」启动成功！
2026-06-24 13:48:34,076	[INFO]	(gateway.py:223)_send_heart	[botpy] 心跳维持启动...
2026-06-24 13:49:04,545	[INFO]	(client.py:162)_bot_login	[botpy] 登录机器人账号中...
2026-06-24 13:49:04,764	[INFO]	(robot.py:65)update_access_token	[botpy] access_token expires_in 2560
2026-06-24 13:49:05,839	[INFO]	(client.py:181)_bot_init	[botpy] 程序启动...
2026-06-24 13:49:05,841	[INFO]	(connection.py:60)multi_run	[botpy] 最大并发连接数: 1, 启动会话数: 1
2026-06-24 13:49:05,842	[INFO]	(client.py:242)bot_connect	[botpy] 会话启动中...
2026-06-24 13:49:05,843	[INFO]	(gateway.py:115)ws_connect	[botpy] 启动中...
2026-06-24 13:49:06,007	[INFO]	(gateway.py:142)ws_identify	[botpy] 鉴权中...
2026-06-24 13:49:06,135	[INFO]	(gateway.py:85)on_message	[botpy] 机器人「AI OS 贾维斯」启动成功！
2026-06-24 13:49:06,135	[INFO]	(gateway.py:223)_send_heart	[botpy] 心跳维持启动...
2026-06-24 13:49:57,307	[INFO]	(client.py:162)_bot_login	[botpy] 登录机器人账号中...
2026-06-24 13:49:57,588	[INFO]	(robot.py:65)update_access_token	[botpy] access_token expires_in 2507
2026-06-24 13:49:58,518	[INFO]	(client.py:181)_bot_init	[botpy] 程序启动...
2026-06-24 13:49:58,518	[INFO]	(connection.py:60)multi_run	[botpy] 最大并发连接数: 1, 启动会话数: 1
2026-06-24 13:49:58,518	[INFO]	(client.py:242)bot_connect	[botpy] 会话启动中...
2026-06-24 13:49:58,518	[INFO]	(gateway.py:115)ws_connect	[botpy] 启动中...
2026-06-24 13:49:58,669	[INFO]	(gateway.py:142)ws_identify	[botpy] 鉴权中...
2026-06-24 13:49:58,785	[INFO]	(gateway.py:85)on_message	[botpy] 机器人「AI OS 贾维斯」启动成功！
2026-06-24 13:49:58,786	[INFO]	(gateway.py:223)_send_heart	[botpy] 心跳维持启动...
2026-06-24 13:50:34,790	[INFO]	(client.py:162)_bot_login	[botpy] 登录机器人账号中...
2026-06-24 13:50:52,895	[INFO]	(client.py:162)_bot_login	[botpy] 登录机器人账号中...
2026-06-24 13:51:08,579	[INFO]	(client.py:162)_bot_login	[botpy] 登录机器人账号中...
2026-06-24 13:51:08,847	[INFO]	(robot.py:65)update_access_token	[botpy] access_token expires_in 2435
2026-06-24 13:51:27,260	[INFO]	(client.py:162)_bot_login	[botpy] 登录机器人账号中...
2026-06-24 13:51:27,504	[INFO]	(robot.py:65)update_access_token	[botpy] access_token expires_in 2417
2026-06-24 13:51:28,478	[INFO]	(client.py:181)_bot_init	[botpy] 程序启动...
2026-06-24 13:51:28,479	[INFO]	(connection.py:60)multi_run	[botpy] 最大并发连接数: 1, 启动会话数: 1
2026-06-24 13:51:28,479	[INFO]	(client.py:242)bot_connect	[botpy] 会话启动中...
2026-06-24 13:51:28,480	[INFO]	(gateway.py:115)ws_connect	[botpy] 启动中...
2026-06-24 13:51:28,640	[INFO]	(gateway.py:142)ws_identify	[botpy] 鉴权中...
2026-06-24 13:51:28,790	[INFO]	(gateway.py:85)on_message	[botpy] 机器人「AI OS 贾维斯」启动成功！
2026-06-24 13:51:28,790	[INFO]	(gateway.py:223)_send_heart	[botpy] 心跳维持启动...
2026-06-24 14:21:28,621	[INFO]	(gateway.py:56)on_closed	[botpy] 关闭, 返回码: 4009, 返回信息: Session timed out
2026-06-24 14:21:28,621	[INFO]	(gateway.py:134)ws_connect	[botpy] ws关闭, 停止接收消息!
2026-06-24 14:21:33,633	[INFO]	(connection.py:60)multi_run	[botpy] 最大并发连接数: 1, 启动会话数: 1
2026-06-24 14:21:33,633	[INFO]	(client.py:242)bot_connect	[botpy] 会话启动中...
2026-06-24 14:21:33,633	[INFO]	(gateway.py:115)ws_connect	[botpy] 启动中...
2026-06-24 14:21:33,809	[INFO]	(gateway.py:175)ws_resume	[botpy] 重连启动...
2026-06-24 14:21:33,907	[INFO]	(gateway.py:90)on_message	[botpy] 机器人重连成功! 
2026-06-24 14:21:33,907	[INFO]	(gateway.py:223)_send_heart	[botpy] 心跳维持启动...
2026-06-24 14:51:33,794	[INFO]	(gateway.py:56)on_closed	[botpy] 关闭, 返回码: 4009, 返回信息: Session timed out
2026-06-24 14:51:33,796	[INFO]	(gateway.py:134)ws_connect	[botpy] ws关闭, 停止接收消息!
2026-06-24 14:51:38,810	[INFO]	(connection.py:60)multi_run	[botpy] 最大并发连接数: 1, 启动会话数: 1
2026-06-24 14:51:38,811	[INFO]	(client.py:242)bot_connect	[botpy] 会话启动中...
2026-06-24 14:51:38,811	[INFO]	(gateway.py:115)ws_connect	[botpy] 启动中...
2026-06-24 14:51:39,065	[INFO]	(gateway.py:175)ws_resume	[botpy] 重连启动...
2026-06-24 14:51:39,598	[INFO]	(robot.py:65)update_access_token	[botpy] access_token expires_in 6004
2026-06-24 14:51:39,731	[INFO]	(gateway.py:90)on_message	[botpy] 机器人重连成功! 
2026-06-24 14:51:39,731	[INFO]	(gateway.py:223)_send_heart	[botpy] 心跳维持启动...
2026-06-24 15:21:39,051	[INFO]	(gateway.py:56)on_closed	[botpy] 关闭, 返回码: 4009, 返回信息: Session timed out
2026-06-24 15:21:39,053	[INFO]	(gateway.py:134)ws_connect	[botpy] ws关闭, 停止接收消息!
2026-06-24 15:21:44,066	[INFO]	(connection.py:60)multi_run	[botpy] 最大并发连接数: 1, 启动会话数: 1
2026-06-24 15:21:44,066	[INFO]	(client.py:242)bot_connect	[botpy] 会话启动中...
2026-06-24 15:21:44,066	[INFO]	(gateway.py:115)ws_connect	[botpy] 启动中...
2026-06-24 15:21:44,304	[INFO]	(gateway.py:175)ws_resume	[botpy] 重连启动...
2026-06-24 15:21:44,401	[INFO]	(gateway.py:90)on_message	[botpy] 机器人重连成功! 
2026-06-24 15:21:44,401	[INFO]	(gateway.py:223)_send_heart	[botpy] 心跳维持启动...
2026-06-24 15:51:44,296	[INFO]	(gateway.py:56)on_closed	[botpy] 关闭, 返回码: 4009, 返回信息: Session timed out
2026-06-24 15:51:44,296	[INFO]	(gateway.py:134)ws_connect	[botpy] ws关闭, 停止接收消息!
2026-06-24 15:51:49,321	[INFO]	(connection.py:60)multi_run	[botpy] 最大并发连接数: 1, 启动会话数: 1
2026-06-24 15:51:49,321	[INFO]	(client.py:242)bot_connect	[botpy] 会话启动中...
2026-06-24 15:51:49,321	[INFO]	(gateway.py:115)ws_connect	[botpy] 启动中...
2026-06-24 15:51:49,466	[INFO]	(gateway.py:175)ws_resume	[botpy] 重连启动...
2026-06-24 15:51:49,606	[INFO]	(gateway.py:90)on_message	[botpy] 机器人重连成功! 
2026-06-24 15:51:49,606	[INFO]	(gateway.py:223)_send_heart	[botpy] 心跳维持启动...
2026-06-24 16:21:49,473	[INFO]	(gateway.py:56)on_closed	[botpy] 关闭, 返回码: 4009, 返回信息: Session timed out
2026-06-24 16:21:49,473	[INFO]	(gateway.py:134)ws_connect	[botpy] ws关闭, 停止接收消息!
2026-06-24 16:21:54,481	[INFO]	(connection.py:60)multi_run	[botpy] 最大并发连接数: 1, 启动会话数: 1
2026-06-24 16:21:54,482	[INFO]	(client.py:242)bot_connect	[botpy] 会话启动中...
2026-06-24 16:21:54,482	[INFO]	(gateway.py:115)ws_connect	[botpy] 启动中...
2026-06-24 16:21:54,631	[INFO]	(gateway.py:175)ws_resume	[botpy] 重连启动...
2026-06-24 16:21:54,754	[INFO]	(gateway.py:90)on_message	[botpy] 机器人重连成功! 
2026-06-24 16:21:54,755	[INFO]	(gateway.py:223)_send_heart	[botpy] 心跳维持启动...
2026-06-24 16:41:03,474	[INFO]	(client.py:162)_bot_login	[botpy] 登录机器人账号中...
2026-06-24 16:41:03,944	[INFO]	(robot.py:65)update_access_token	[botpy] access_token expires_in 6640
2026-06-24 16:41:04,971	[INFO]	(client.py:181)_bot_init	[botpy] 程序启动...
2026-06-24 16:41:04,972	[INFO]	(connection.py:60)multi_run	[botpy] 最大并发连接数: 1, 启动会话数: 1
2026-06-24 16:41:04,972	[INFO]	(client.py:242)bot_connect	[botpy] 会话启动中...
2026-06-24 16:41:04,972	[INFO]	(gateway.py:115)ws_connect	[botpy] 启动中...
2026-06-24 16:41:05,129	[INFO]	(gateway.py:142)ws_identify	[botpy] 鉴权中...
2026-06-24 16:41:05,328	[INFO]	(gateway.py:85)on_message	[botpy] 机器人「AI OS 贾维斯」启动成功！
2026-06-24 16:41:05,329	[INFO]	(gateway.py:223)_send_heart	[botpy] 心跳维持启动...
2026-06-24 16:48:43,069	[INFO]	(client.py:162)_bot_login	[botpy] 登录机器人账号中...
2026-06-24 16:48:43,325	[INFO]	(robot.py:65)update_access_token	[botpy] access_token expires_in 6181
2026-06-24 16:48:44,286	[INFO]	(client.py:181)_bot_init	[botpy] 程序启动...
2026-06-24 16:48:44,286	[INFO]	(connection.py:60)multi_run	[botpy] 最大并发连接数: 1, 启动会话数: 1
2026-06-24 16:48:44,287	[INFO]	(client.py:242)bot_connect	[botpy] 会话启动中...
2026-06-24 16:48:44,287	[INFO]	(gateway.py:115)ws_connect	[botpy] 启动中...
2026-06-24 16:48:44,472	[INFO]	(gateway.py:142)ws_identify	[botpy] 鉴权中...
2026-06-24 16:48:44,602	[INFO]	(gateway.py:85)on_message	[botpy] 机器人「AI OS 贾维斯」启动成功！
2026-06-24 16:48:44,602	[INFO]	(gateway.py:223)_send_heart	[botpy] 心跳维持启动...
2026-06-24 16:50:31,853	[INFO]	(client.py:162)_bot_login	[botpy] 登录机器人账号中...
2026-06-24 16:50:32,126	[INFO]	(robot.py:65)update_access_token	[botpy] access_token expires_in 6072
2026-06-24 16:50:33,181	[INFO]	(client.py:181)_bot_init	[botpy] 程序启动...
2026-06-24 16:50:33,181	[INFO]	(connection.py:60)multi_run	[botpy] 最大并发连接数: 1, 启动会话数: 1
2026-06-24 16:50:33,182	[INFO]	(client.py:242)bot_connect	[botpy] 会话启动中...
2026-06-24 16:50:33,182	[INFO]	(gateway.py:115)ws_connect	[botpy] 启动中...
2026-06-24 16:50:33,330	[INFO]	(gateway.py:142)ws_identify	[botpy] 鉴权中...
2026-06-24 16:50:33,449	[INFO]	(gateway.py:85)on_message	[botpy] 机器人「AI OS 贾维斯」启动成功！
2026-06-24 16:50:33,449	[INFO]	(gateway.py:223)_send_heart	[botpy] 心跳维持启动...
2026-06-24 16:51:44,953	[INFO]	(client.py:162)_bot_login	[botpy] 登录机器人账号中...
2026-06-24 16:51:45,273	[INFO]	(robot.py:65)update_access_token	[botpy] access_token expires_in 5999
2026-06-24 16:51:46,298	[INFO]	(client.py:181)_bot_init	[botpy] 程序启动...
2026-06-24 16:51:46,298	[INFO]	(connection.py:60)multi_run	[botpy] 最大并发连接数: 1, 启动会话数: 1
2026-06-24 16:51:46,299	[INFO]	(client.py:242)bot_connect	[botpy] 会话启动中...
2026-06-24 16:51:46,299	[INFO]	(gateway.py:115)ws_connect	[botpy] 启动中...
2026-06-24 16:51:46,448	[INFO]	(gateway.py:142)ws_identify	[botpy] 鉴权中...
2026-06-24 16:51:46,629	[INFO]	(gateway.py:85)on_message	[botpy] 机器人「AI OS 贾维斯」启动成功！
2026-06-24 16:51:46,630	[INFO]	(gateway.py:223)_send_heart	[botpy] 心跳维持启动...
2026-06-24 16:52:14,593	[INFO]	(client.py:162)_bot_login	[botpy] 登录机器人账号中...
2026-06-24 16:52:14,894	[INFO]	(robot.py:65)update_access_token	[botpy] access_token expires_in 5969
2026-06-24 16:52:15,700	[INFO]	(client.py:181)_bot_init	[botpy] 程序启动...
2026-06-24 16:52:15,700	[INFO]	(connection.py:60)multi_run	[botpy] 最大并发连接数: 1, 启动会话数: 1
2026-06-24 16:52:15,700	[INFO]	(client.py:242)bot_connect	[botpy] 会话启动中...
2026-06-24 16:52:15,701	[INFO]	(gateway.py:115)ws_connect	[botpy] 启动中...
2026-06-24 16:52:15,903	[INFO]	(gateway.py:142)ws_identify	[botpy] 鉴权中...
2026-06-24 16:52:16,035	[INFO]	(gateway.py:85)on_message	[botpy] 机器人「AI OS 贾维斯」启动成功！
2026-06-24 16:52:16,035	[INFO]	(gateway.py:223)_send_heart	[botpy] 心跳维持启动...
2026-06-24 17:08:43,461	[INFO]	(client.py:162)_bot_login	[botpy] 登录机器人账号中...
2026-06-24 17:08:43,724	[INFO]	(robot.py:65)update_access_token	[botpy] access_token expires_in 4980
2026-06-24 17:08:44,820	[INFO]	(client.py:181)_bot_init	[botpy] 程序启动...
2026-06-24 17:08:44,820	[INFO]	(connection.py:60)multi_run	[botpy] 最大并发连接数: 1, 启动会话数: 1
2026-06-24 17:08:44,821	[INFO]	(client.py:242)bot_connect	[botpy] 会话启动中...
2026-06-24 17:08:44,821	[INFO]	(gateway.py:115)ws_connect	[botpy] 启动中...
2026-06-24 17:08:44,989	[INFO]	(gateway.py:142)ws_identify	[botpy] 鉴权中...
2026-06-24 17:08:45,124	[INFO]	(gateway.py:85)on_message	[botpy] 机器人「AI OS 贾维斯」启动成功！
2026-06-24 17:08:45,125	[INFO]	(gateway.py:223)_send_heart	[botpy] 心跳维持启动...
2026-06-24 17:11:40,907	[INFO]	(client.py:162)_bot_login	[botpy] 登录机器人账号中...
2026-06-24 17:11:41,141	[INFO]	(robot.py:65)update_access_token	[botpy] access_token expires_in 4803
2026-06-24 17:11:42,152	[INFO]	(client.py:181)_bot_init	[botpy] 程序启动...
2026-06-24 17:11:42,152	[INFO]	(connection.py:60)multi_run	[botpy] 最大并发连接数: 1, 启动会话数: 1
2026-06-24 17:11:42,153	[INFO]	(client.py:242)bot_connect	[botpy] 会话启动中...
2026-06-24 17:11:42,153	[INFO]	(gateway.py:115)ws_connect	[botpy] 启动中...
2026-06-24 17:11:42,722	[INFO]	(gateway.py:142)ws_identify	[botpy] 鉴权中...
2026-06-24 17:11:43,080	[INFO]	(gateway.py:85)on_message	[botpy] 机器人「AI OS 贾维斯」启动成功！
2026-06-24 17:11:43,080	[INFO]	(gateway.py:223)_send_heart	[botpy] 心跳维持启动...
2026-06-24 17:41:42,702	[INFO]	(gateway.py:56)on_closed	[botpy] 关闭, 返回码: 4009, 返回信息: Session timed out
2026-06-24 17:41:42,704	[INFO]	(gateway.py:134)ws_connect	[botpy] ws关闭, 停止接收消息!
2026-06-24 17:41:47,722	[INFO]	(connection.py:60)multi_run	[botpy] 最大并发连接数: 1, 启动会话数: 1
2026-06-24 17:41:47,722	[INFO]	(client.py:242)bot_connect	[botpy] 会话启动中...
2026-06-24 17:41:47,722	[INFO]	(gateway.py:115)ws_connect	[botpy] 启动中...
2026-06-24 17:41:47,966	[INFO]	(gateway.py:175)ws_resume	[botpy] 重连启动...
2026-06-24 17:41:48,059	[INFO]	(gateway.py:90)on_message	[botpy] 机器人重连成功! 
2026-06-24 17:41:48,060	[INFO]	(gateway.py:223)_send_heart	[botpy] 心跳维持启动...
2026-06-24 17:51:18,252	[INFO]	(client.py:162)_bot_login	[botpy] 登录机器人账号中...
2026-06-24 17:51:18,600	[INFO]	(robot.py:65)update_access_token	[botpy] access_token expires_in 2425
2026-06-24 17:51:19,655	[INFO]	(client.py:181)_bot_init	[botpy] 程序启动...
2026-06-24 17:51:19,656	[INFO]	(connection.py:60)multi_run	[botpy] 最大并发连接数: 1, 启动会话数: 1
2026-06-24 17:51:19,656	[INFO]	(client.py:242)bot_connect	[botpy] 会话启动中...
2026-06-24 17:51:19,656	[INFO]	(gateway.py:115)ws_connect	[botpy] 启动中...
2026-06-24 17:51:20,156	[INFO]	(gateway.py:142)ws_identify	[botpy] 鉴权中...
2026-06-24 17:51:20,434	[INFO]	(gateway.py:85)on_message	[botpy] 机器人「AI OS 贾维斯」启动成功！
2026-06-24 17:51:20,434	[INFO]	(gateway.py:223)_send_heart	[botpy] 心跳维持启动...
2026-06-24 17:52:14,729	[INFO]	(client.py:162)_bot_login	[botpy] 登录机器人账号中...
2026-06-24 17:52:14,954	[INFO]	(robot.py:65)update_access_token	[botpy] access_token expires_in 2369
2026-06-24 17:52:15,836	[INFO]	(client.py:181)_bot_init	[botpy] 程序启动...
2026-06-24 17:52:15,837	[INFO]	(connection.py:60)multi_run	[botpy] 最大并发连接数: 1, 启动会话数: 1
2026-06-24 17:52:15,837	[INFO]	(client.py:242)bot_connect	[botpy] 会话启动中...
2026-06-24 17:52:15,838	[INFO]	(gateway.py:115)ws_connect	[botpy] 启动中...
2026-06-24 17:52:16,060	[INFO]	(gateway.py:142)ws_identify	[botpy] 鉴权中...
2026-06-24 17:52:16,207	[INFO]	(gateway.py:85)on_message	[botpy] 机器人「AI OS 贾维斯」启动成功！
2026-06-24 17:52:16,207	[INFO]	(gateway.py:223)_send_heart	[botpy] 心跳维持启动...
2026-06-24 17:52:58,747	[INFO]	(client.py:162)_bot_login	[botpy] 登录机器人账号中...
2026-06-24 17:52:59,011	[INFO]	(robot.py:65)update_access_token	[botpy] access_token expires_in 2325
2026-06-24 17:52:59,863	[INFO]	(client.py:181)_bot_init	[botpy] 程序启动...
2026-06-24 17:52:59,864	[INFO]	(connection.py:60)multi_run	[botpy] 最大并发连接数: 1, 启动会话数: 1
2026-06-24 17:52:59,865	[INFO]	(client.py:242)bot_connect	[botpy] 会话启动中...
2026-06-24 17:52:59,865	[INFO]	(gateway.py:115)ws_connect	[botpy] 启动中...
2026-06-24 17:53:00,041	[INFO]	(gateway.py:142)ws_identify	[botpy] 鉴权中...
2026-06-24 17:53:00,141	[INFO]	(gateway.py:85)on_message	[botpy] 机器人「AI OS 贾维斯」启动成功！
2026-06-24 17:53:00,142	[INFO]	(gateway.py:223)_send_heart	[botpy] 心跳维持启动...
2026-06-24 18:23:00,035	[INFO]	(gateway.py:56)on_closed	[botpy] 关闭, 返回码: 4009, 返回信息: Session timed out
2026-06-24 18:23:00,052	[INFO]	(gateway.py:134)ws_connect	[botpy] ws关闭, 停止接收消息!
2026-06-24 18:23:05,069	[INFO]	(connection.py:60)multi_run	[botpy] 最大并发连接数: 1, 启动会话数: 1
2026-06-24 18:23:05,071	[INFO]	(client.py:242)bot_connect	[botpy] 会话启动中...
2026-06-24 18:23:05,071	[INFO]	(gateway.py:115)ws_connect	[botpy] 启动中...
2026-06-24 18:23:05,334	[INFO]	(gateway.py:175)ws_resume	[botpy] 重连启动...
2026-06-24 18:23:05,453	[INFO]	(gateway.py:90)on_message	[botpy] 机器人重连成功! 
2026-06-24 18:23:05,455	[INFO]	(gateway.py:223)_send_heart	[botpy] 心跳维持启动...
2026-06-24 18:27:51,305	[INFO]	(client.py:162)_bot_login	[botpy] 登录机器人账号中...
2026-06-24 18:27:51,670	[INFO]	(robot.py:65)update_access_token	[botpy] access_token expires_in 232
2026-06-24 18:27:52,629	[INFO]	(client.py:181)_bot_init	[botpy] 程序启动...
2026-06-24 18:27:52,629	[INFO]	(connection.py:60)multi_run	[botpy] 最大并发连接数: 1, 启动会话数: 1
2026-06-24 18:27:52,630	[INFO]	(client.py:242)bot_connect	[botpy] 会话启动中...
2026-06-24 18:27:52,630	[INFO]	(gateway.py:115)ws_connect	[botpy] 启动中...
2026-06-24 18:27:52,884	[INFO]	(gateway.py:142)ws_identify	[botpy] 鉴权中...
2026-06-24 18:27:53,033	[INFO]	(gateway.py:85)on_message	[botpy] 机器人「AI OS 贾维斯」启动成功！
2026-06-24 18:27:53,034	[INFO]	(gateway.py:223)_send_heart	[botpy] 心跳维持启动...
2026-06-24 18:28:42,686	[INFO]	(client.py:162)_bot_login	[botpy] 登录机器人账号中...
2026-06-24 18:28:43,059	[INFO]	(robot.py:65)update_access_token	[botpy] access_token expires_in 181
2026-06-24 18:28:44,069	[INFO]	(client.py:181)_bot_init	[botpy] 程序启动...
2026-06-24 18:28:44,070	[INFO]	(connection.py:60)multi_run	[botpy] 最大并发连接数: 1, 启动会话数: 1
2026-06-24 18:28:44,071	[INFO]	(client.py:242)bot_connect	[botpy] 会话启动中...
2026-06-24 18:28:44,071	[INFO]	(gateway.py:115)ws_connect	[botpy] 启动中...
2026-06-24 18:28:44,177	[INFO]	(gateway.py:142)ws_identify	[botpy] 鉴权中...
2026-06-24 18:28:44,342	[INFO]	(gateway.py:85)on_message	[botpy] 机器人「AI OS 贾维斯」启动成功！
2026-06-24 18:28:44,343	[INFO]	(gateway.py:223)_send_heart	[botpy] 心跳维持启动...
2026-06-24 18:29:51,119	[INFO]	(client.py:162)_bot_login	[botpy] 登录机器人账号中...
2026-06-24 18:29:51,430	[INFO]	(robot.py:65)update_access_token	[botpy] access_token expires_in 113
2026-06-24 18:29:52,318	[INFO]	(client.py:181)_bot_init	[botpy] 程序启动...
2026-06-24 18:29:52,318	[INFO]	(connection.py:60)multi_run	[botpy] 最大并发连接数: 1, 启动会话数: 1
2026-06-24 18:29:52,318	[INFO]	(client.py:242)bot_connect	[botpy] 会话启动中...
2026-06-24 18:29:52,319	[INFO]	(gateway.py:115)ws_connect	[botpy] 启动中...
2026-06-24 18:29:52,448	[INFO]	(gateway.py:142)ws_identify	[botpy] 鉴权中...
2026-06-24 18:29:52,573	[INFO]	(gateway.py:85)on_message	[botpy] 机器人「AI OS 贾维斯」启动成功！
2026-06-24 18:29:52,573	[INFO]	(gateway.py:223)_send_heart	[botpy] 心跳维持启动...
2026-06-24 18:59:52,443	[INFO]	(gateway.py:56)on_closed	[botpy] 关闭, 返回码: 4009, 返回信息: Session timed out
2026-06-24 18:59:52,444	[INFO]	(gateway.py:134)ws_connect	[botpy] ws关闭, 停止接收消息!
2026-06-24 18:59:57,461	[INFO]	(connection.py:60)multi_run	[botpy] 最大并发连接数: 1, 启动会话数: 1
2026-06-24 18:59:57,461	[INFO]	(client.py:242)bot_connect	[botpy] 会话启动中...
2026-06-24 18:59:57,461	[INFO]	(gateway.py:115)ws_connect	[botpy] 启动中...
2026-06-24 18:59:57,629	[INFO]	(gateway.py:175)ws_resume	[botpy] 重连启动...
2026-06-24 18:59:57,860	[INFO]	(robot.py:65)update_access_token	[botpy] access_token expires_in 5506
2026-06-24 18:59:57,950	[INFO]	(gateway.py:90)on_message	[botpy] 机器人重连成功! 
2026-06-24 18:59:57,950	[INFO]	(gateway.py:223)_send_heart	[botpy] 心跳维持启动...
2026-06-24 19:29:57,612	[INFO]	(gateway.py:56)on_closed	[botpy] 关闭, 返回码: 4009, 返回信息: Session timed out
2026-06-24 19:29:57,612	[INFO]	(gateway.py:134)ws_connect	[botpy] ws关闭, 停止接收消息!
2026-06-24 19:30:02,637	[INFO]	(connection.py:60)multi_run	[botpy] 最大并发连接数: 1, 启动会话数: 1
2026-06-24 19:30:02,637	[INFO]	(client.py:242)bot_connect	[botpy] 会话启动中...
2026-06-24 19:30:02,638	[INFO]	(gateway.py:115)ws_connect	[botpy] 启动中...
2026-06-24 19:30:02,844	[INFO]	(gateway.py:175)ws_resume	[botpy] 重连启动...
2026-06-24 19:30:02,945	[INFO]	(gateway.py:90)on_message	[botpy] 机器人重连成功! 
2026-06-24 19:30:02,946	[INFO]	(gateway.py:223)_send_heart	[botpy] 心跳维持启动...
2026-06-24 20:00:02,829	[INFO]	(gateway.py:56)on_closed	[botpy] 关闭, 返回码: 4009, 返回信息: Session timed out
2026-06-24 20:00:02,829	[INFO]	(gateway.py:134)ws_connect	[botpy] ws关闭, 停止接收消息!
2026-06-24 20:00:07,868	[INFO]	(connection.py:60)multi_run	[botpy] 最大并发连接数: 1, 启动会话数: 1
2026-06-24 20:00:07,868	[INFO]	(client.py:242)bot_connect	[botpy] 会话启动中...
2026-06-24 20:00:07,868	[INFO]	(gateway.py:115)ws_connect	[botpy] 启动中...
2026-06-24 20:00:08,109	[INFO]	(gateway.py:175)ws_resume	[botpy] 重连启动...
2026-06-24 20:00:08,199	[INFO]	(gateway.py:90)on_message	[botpy] 机器人重连成功! 
2026-06-24 20:00:08,200	[INFO]	(gateway.py:223)_send_heart	[botpy] 心跳维持启动...
2026-06-24 20:30:08,093	[INFO]	(gateway.py:56)on_closed	[botpy] 关闭, 返回码: 4009, 返回信息: Session timed out
2026-06-24 20:30:08,094	[INFO]	(gateway.py:134)ws_connect	[botpy] ws关闭, 停止接收消息!
2026-06-24 20:30:13,097	[INFO]	(connection.py:60)multi_run	[botpy] 最大并发连接数: 1, 启动会话数: 1
2026-06-24 20:30:13,097	[INFO]	(client.py:242)bot_connect	[botpy] 会话启动中...
2026-06-24 20:30:13,097	[INFO]	(gateway.py:115)ws_connect	[botpy] 启动中...
2026-06-24 20:30:13,225	[INFO]	(gateway.py:175)ws_resume	[botpy] 重连启动...
2026-06-24 20:30:13,393	[INFO]	(gateway.py:90)on_message	[botpy] 机器人重连成功! 
2026-06-24 20:30:13,393	[INFO]	(gateway.py:223)_send_heart	[botpy] 心跳维持启动...
2026-06-24 21:00:13,223	[INFO]	(gateway.py:56)on_closed	[botpy] 关闭, 返回码: 4009, 返回信息: Session timed out
2026-06-24 21:00:13,230	[INFO]	(gateway.py:134)ws_connect	[botpy] ws关闭, 停止接收消息!
2026-06-24 21:00:18,245	[INFO]	(connection.py:60)multi_run	[botpy] 最大并发连接数: 1, 启动会话数: 1
2026-06-24 21:00:18,246	[INFO]	(client.py:242)bot_connect	[botpy] 会话启动中...
2026-06-24 21:00:18,248	[INFO]	(gateway.py:115)ws_connect	[botpy] 启动中...
2026-06-24 21:00:18,438	[INFO]	(gateway.py:175)ws_resume	[botpy] 重连启动...
2026-06-24 21:00:18,854	[INFO]	(robot.py:65)update_access_token	[botpy] access_token expires_in 5485
2026-06-24 21:00:18,950	[INFO]	(gateway.py:90)on_message	[botpy] 机器人重连成功! 
2026-06-24 21:00:18,952	[INFO]	(gateway.py:223)_send_heart	[botpy] 心跳维持启动...
2026-06-24 21:30:18,422	[INFO]	(gateway.py:56)on_closed	[botpy] 关闭, 返回码: 4009, 返回信息: Session timed out
2026-06-24 21:30:18,424	[INFO]	(gateway.py:134)ws_connect	[botpy] ws关闭, 停止接收消息!
2026-06-24 21:30:23,428	[INFO]	(connection.py:60)multi_run	[botpy] 最大并发连接数: 1, 启动会话数: 1
2026-06-24 21:30:23,428	[INFO]	(client.py:242)bot_connect	[botpy] 会话启动中...
2026-06-24 21:30:23,428	[INFO]	(gateway.py:115)ws_connect	[botpy] 启动中...
2026-06-24 21:30:23,678	[INFO]	(gateway.py:175)ws_resume	[botpy] 重连启动...
2026-06-24 21:30:23,785	[INFO]	(gateway.py:90)on_message	[botpy] 机器人重连成功! 
2026-06-24 21:30:23,786	[INFO]	(gateway.py:223)_send_heart	[botpy] 心跳维持启动...
